<?xml version="1.0" encoding="UTF-8"?>
<testsuite name="com.bl.hotel.HotelManagementSystemTest" tests="1" skipped="0" failures="0" errors="0" timestamp="2020-10-06T13:41:33" hostname="LAPTOP-RGI87V6B" time="0.016">
  <properties/>
  <testcase name="givenFindBestRatedHotel_whenRegularCustomer_shouldReturnRidgewood" classname="com.bl.hotel.HotelManagementSystemTest" time="0.016"/>
  <system-out><![CDATA[]]></system-out>
  <system-err><![CDATA[]]></system-err>
</testsuite>
