<?xml version="1.0" encoding="UTF-8"?>
<testsuite name="com.bl.hotel.HotelManagementSystemTest" tests="1" skipped="0" failures="0" errors="0" timestamp="2020-10-13T14:51:18" hostname="LAPTOP-RGI87V6B" time="0.004">
  <properties/>
  <testcase name="givenCalculatePrice_whenWeekEndAndWeekDayRates_shouldReturn160" classname="com.bl.hotel.HotelManagementSystemTest" time="0.004"/>
  <system-out><![CDATA[]]></system-out>
  <system-err><![CDATA[]]></system-err>
</testsuite>
