<?xml version="1.0" encoding="UTF-8"?>
<testsuite name="com.bl.hotel.HotelManagementSystemTest" tests="1" skipped="0" failures="0" errors="0" timestamp="2020-10-14T03:08:31" hostname="LAPTOP-RGI87V6B" time="0.024">
  <properties/>
  <testcase name="givenFindCheapestHotel_whenLoyalCustomer_shouldReturnRigwood" classname="com.bl.hotel.HotelManagementSystemTest" time="0.024"/>
  <system-out><![CDATA[All the cheapest Hotels List with minimum cost 80-
[Ridgewood]
]]></system-out>
  <system-err><![CDATA[]]></system-err>
</testsuite>
